\BOOKMARK [1][]{section.1}{\376\377\0001\000.\000\040\137\025\212\000}{}% 1
\BOOKMARK [1][]{section.2}{\376\377\0002\000.\000\040\117\341\156\220\177\026\170\001\127\372\170\100}{}% 2
\BOOKMARK [2][]{subsection.2.1}{\376\377\0002\000.\0001\000\040\117\341\156\220\177\026\170\001\166\204\151\202\137\365}{section.2}% 3
\BOOKMARK [2][]{subsection.2.2}{\376\377\0002\000.\0002\000\040\145\340\131\061\167\037\117\341\156\220\177\026\170\001\133\232\164\006}{section.2}% 4
\BOOKMARK [3][]{subsubsection.2.2.1}{\376\377\0002\000.\0002\000.\0001\000\040\133\232\225\177\117\341\156\220\177\026\170\001\133\232\164\006}{subsection.2.2}% 5
\BOOKMARK [3][]{subsubsection.2.2.2}{\376\377\0002\000.\0002\000.\0002\000\040\123\330\225\177\117\341\156\220\177\026\170\001\133\232\164\006}{subsection.2.2}% 6
\BOOKMARK [2][]{subsection.2.3}{\376\377\0002\000.\0003\000\040\226\120\131\061\167\037\117\341\156\220\177\026\170\001\133\232\164\006}{section.2}% 7
\BOOKMARK [3][]{subsubsection.2.3.1}{\376\377\0002\000.\0003\000.\0001\000\040\131\061\167\037\121\375\145\160\166\204\133\232\116\111}{subsection.2.3}% 8
\BOOKMARK [3][]{subsubsection.2.3.2}{\376\377\0002\000.\0003\000.\0002\000\040\226\120\131\061\167\037\117\341\156\220\177\026\170\001\133\232\164\006}{subsection.2.3}% 9
\BOOKMARK [1][]{section.3}{\376\377\0003\000.\000\040\136\070\165\050\166\204\117\341\156\220\177\026\170\001\145\271\154\325}{}% 10
\BOOKMARK [2][]{subsection.3.1}{\376\377\0003\000.\0001\000\040\124\310\131\053\146\374\177\026\170\001}{section.3}% 11
\BOOKMARK [3][]{subsubsection.3.1.1}{\376\377\0003\000.\0001\000.\0001\000\040\177\026\170\001\217\307\172\013}{subsection.3.1}% 12
\BOOKMARK [3][]{subsubsection.3.1.2}{\376\377\0003\000.\0001\000.\0002\000\040\124\310\131\053\146\374\177\026\170\001\171\072\117\213}{subsection.3.1}% 13
\BOOKMARK [3][]{subsubsection.3.1.3}{\376\377\0003\000.\0001\000.\0003\000\040\162\171\160\271\124\214\136\224\165\050}{subsection.3.1}% 14
\BOOKMARK [2][]{subsection.3.2}{\376\377\0003\000.\0002\000\040\231\231\121\234\177\026\170\001}{section.3}% 15
\BOOKMARK [3][]{subsubsection.3.2.1}{\376\377\0003\000.\0002\000.\0001\000\040\177\026\170\001\217\307\172\013}{subsection.3.2}% 16
\BOOKMARK [3][]{subsubsection.3.2.2}{\376\377\0003\000.\0002\000.\0002\000\040\231\231\121\234\177\026\170\001\171\072\117\213}{subsection.3.2}% 17
\BOOKMARK [2][]{subsection.3.3}{\376\377\0003\000.\0003\000\040\215\071\213\372\177\026\170\001}{section.3}% 18
\BOOKMARK [3][]{subsubsection.3.3.1}{\376\377\0003\000.\0003\000.\0001\000\040\177\026\170\001\217\307\172\013}{subsection.3.3}% 19
\BOOKMARK [3][]{subsubsection.3.3.2}{\376\377\0003\000.\0003\000.\0002\000\040\215\071\213\372\177\026\170\001\116\076\117\213}{subsection.3.3}% 20
\BOOKMARK [1][]{section.4}{\376\377\0004\000.\000\040\140\073\176\323\116\016\134\125\147\033}{}% 21
\BOOKMARK [2][]{subsection.4.1}{\376\377\0004\000.\0001\000\040\176\323\213\272}{section.4}% 22
\BOOKMARK [2][]{subsection.4.2}{\376\377\0004\000.\0002\000\040\134\125\147\033\147\052\147\145\166\204\123\321\134\125\145\271\124\021\124\214\170\024\172\166\143\021\142\030}{section.4}% 23
\BOOKMARK [1][]{subsection.4.2}{\376\377\123\302\200\003\145\207\163\056}{}% 24
