\BOOKMARK [0][-]{chapter.1}{\376\377\165\065\215\357\152\041\127\213\124\214\165\065\215\357\133\232\137\213}{}% 1
\BOOKMARK [1][-]{section.1.1}{\376\377\165\065\215\357\124\214\165\065\215\357\152\041\127\213}{chapter.1}% 2
\BOOKMARK [1][-]{section.1.2}{\376\377\165\065\155\101\124\214\165\065\123\213\166\204\123\302\200\003\145\271\124\021}{chapter.1}% 3
\BOOKMARK [2][-]{subsection.1.2.1}{\376\377\165\065\155\101\166\204\123\302\200\003\145\271\124\021}{section.1.2}% 4
\BOOKMARK [2][-]{subsection.1.2.2}{\376\377\165\065\123\213\166\204\123\302\200\003\145\271\124\021}{section.1.2}% 5
\BOOKMARK [2][-]{subsection.1.2.3}{\376\377\121\163\200\124\123\302\200\003\145\271\124\021}{section.1.2}% 6
\BOOKMARK [1][-]{section.1.3}{\376\377\165\065\122\237\163\207\124\214\200\375\221\317}{chapter.1}% 7
\BOOKMARK [1][-]{section.1.4}{\376\377\165\065\215\357\121\103\116\366}{chapter.1}% 8
\BOOKMARK [2][-]{subsection.1.4.1}{\376\377\165\065\215\357\121\103\116\366}{section.1.4}% 9
\BOOKMARK [2][-]{subsection.1.4.2}{\376\377\226\306\140\073\123\302\145\160\165\065\215\357}{section.1.4}% 10
\BOOKMARK [1][-]{section.1.5}{\376\377\165\065\226\073\121\103\116\366}{chapter.1}% 11
\BOOKMARK [1][-]{section.1.6}{\376\377\165\065\123\213\156\220\124\214\165\065\155\101\156\220}{chapter.1}% 12
\BOOKMARK [2][-]{subsection.1.6.1}{\376\377\164\006\140\363\165\065\123\213\156\220}{section.1.6}% 13
\BOOKMARK [2][-]{subsection.1.6.2}{\376\377\164\006\140\363\165\065\155\101\156\220}{section.1.6}% 14
\BOOKMARK [2][-]{subsection.1.6.3}{\376\377\123\327\143\247\165\065\156\220\000\050\227\136\162\354\172\313\156\220\000\051}{section.1.6}% 15
\BOOKMARK [1][-]{section.1.7}{\376\377\127\372\134\024\227\015\131\053\133\232\137\213}{chapter.1}% 16
\BOOKMARK [2][-]{subsection.1.7.1}{\376\377\127\372\134\024\227\015\131\053\165\065\155\101\133\232\137\213\000\050\000K\000C\000L\000\051}{section.1.7}% 17
\BOOKMARK [2][-]{subsection.1.7.2}{\376\377\127\372\134\024\227\015\131\053\165\065\123\213\133\232\137\213\000\050\000K\000V\000L\000\051}{section.1.7}% 18
\BOOKMARK [2][-]{subsection.1.7.3}{\376\377\134\017\176\323}{section.1.7}% 19
\BOOKMARK [1][-]{section.1.8}{\376\377\140\035\200\003\116\016\176\303\116\140}{chapter.1}% 20
\BOOKMARK [0][-]{chapter.2}{\376\377\165\065\226\073\165\065\215\357\166\204\173\111\145\110\123\330\143\142}{}% 21
\BOOKMARK [1][-]{section.2.1}{\376\377\137\025\212\000}{chapter.2}% 22
\BOOKMARK [1][-]{section.2.2}{\376\377\165\065\215\357\166\204\173\111\145\110\123\330\143\142}{chapter.2}% 23
\BOOKMARK [1][-]{section.2.3}{\376\377\165\065\226\073\166\204\116\062\200\124\124\214\136\166\200\124}{chapter.2}% 24
\BOOKMARK [2][-]{subsection.2.3.1}{\376\377\165\065\226\073\166\204\116\062\200\124}{section.2.3}% 25
\BOOKMARK [2][-]{subsection.2.3.2}{\376\377\165\065\226\073\166\204\136\166\200\124}{section.2.3}% 26
\BOOKMARK [2][-]{subsection.2.3.3}{\376\377\121\166\116\326\217\336\143\245\145\271\137\017}{section.2.3}% 27
\BOOKMARK [2][-]{subsection.2.3.4}{\376\377\117\213\230\230}{section.2.3}% 28
\BOOKMARK [1][-]{section.2.4}{\376\377\165\065\226\073\166\204\000Y\137\142\200\124\176\323\124\214\137\142\200\124\176\323\166\204\173\111\145\110\123\330\143\142}{chapter.2}% 29
\BOOKMARK [2][-]{subsection.2.4.1}{\376\377\165\065\226\073\166\204\124\214\000Y\137\142\217\336\143\245}{section.2.4}% 30
\BOOKMARK [2][-]{subsection.2.4.2}{\376\377\000-\000Y\123\330\143\142\166\204\173\111\145\110\147\141\116\366}{section.2.4}% 31
\BOOKMARK [2][-]{subsection.2.4.3}{\376\377\117\213\230\230}{section.2.4}% 32
\BOOKMARK [1][-]{section.2.5}{\376\377\165\065\123\213\156\220\060\001\165\065\155\101\156\220\166\204\116\062\136\166\200\124}{chapter.2}% 33
\BOOKMARK [1][-]{section.2.6}{\376\377\133\236\226\105\165\065\156\220\166\204\116\044\171\315\152\041\127\213\123\312\121\166\173\111\145\110\123\330\143\142}{chapter.2}% 34
\BOOKMARK [1][-]{section.2.7}{\376\377\217\223\121\145\165\065\226\073}{chapter.2}% 35
\BOOKMARK [1][-]{section.2.8}{\376\377\140\035\200\003\116\016\176\303\116\140}{chapter.2}% 36
\BOOKMARK [0][-]{chapter.3}{\376\377\165\065\226\073\165\065\215\357\166\204\116\000\202\054\122\006\147\220}{}% 37
\BOOKMARK [1][-]{section.3.1}{\376\377\165\065\215\357\166\204\126\376}{chapter.3}% 38
\BOOKMARK [1][-]{section.3.2}{\376\377\000K\000C\000L\124\214\000K\000V\000L\166\204\162\354\172\313\145\271\172\013\145\160}{chapter.3}% 39
\BOOKMARK [1][-]{section.3.3}{\376\377\145\057\215\357\165\065\155\101\154\325}{chapter.3}% 40
\BOOKMARK [1][-]{section.3.4}{\376\377\177\121\133\124\165\065\155\101\154\325}{chapter.3}% 41
\BOOKMARK [1][-]{section.3.5}{\376\377\126\336\215\357\165\065\155\101\154\325}{chapter.3}% 42
\BOOKMARK [1][-]{section.3.6}{\376\377\176\323\160\271\165\065\123\213\154\325}{chapter.3}% 43
\BOOKMARK [1][-]{section.3.7}{\376\377\140\035\200\003\116\016\176\303\116\140}{chapter.3}% 44
\BOOKMARK [0][-]{chapter.4}{\376\377\165\065\215\357\133\232\164\006}{}% 45
\BOOKMARK [1][-]{section.4.1}{\376\377\123\340\122\240\133\232\164\006}{chapter.4}% 46
\BOOKMARK [1][-]{section.4.2}{\376\377\146\377\116\343\133\232\164\006}{chapter.4}% 47
\BOOKMARK [1][-]{section.4.3}{\376\377\142\064\176\364\133\201\133\232\164\006\124\214\213\372\230\177\133\232\164\006}{chapter.4}% 48
\BOOKMARK [2][-]{subsection.4.3.1}{\376\377\142\064\176\364\133\201\133\232\164\006}{section.4.3}% 49
\BOOKMARK [2][-]{subsection.4.3.2}{\376\377\213\372\230\177\133\232\164\006}{section.4.3}% 50
\BOOKMARK [1][-]{section.4.4}{\376\377\147\000\131\047\122\237\163\207\117\040\217\223\133\232\164\006}{chapter.4}% 51
\BOOKMARK [1][-]{section.4.5}{\376\377\140\035\200\003\116\016\176\303\116\140}{chapter.4}% 52
\BOOKMARK [0][-]{chapter.5}{\376\377\120\250\200\375\121\103\116\366}{}% 53
\BOOKMARK [1][-]{section.5.1}{\376\377\165\065\133\271\121\103\116\366}{chapter.5}% 54
\BOOKMARK [1][-]{section.5.2}{\376\377\165\065\141\037\121\103\116\366}{chapter.5}% 55
\BOOKMARK [0][-]{chapter.6}{\376\377\116\000\226\066\165\065\215\357\124\214\116\214\226\066\165\065\215\357\166\204\145\366\127\337\122\006\147\220}{}% 56
\BOOKMARK [1][-]{section.6.1}{\376\377\122\250\140\001\165\065\215\357\166\204\145\271\172\013\123\312\121\166\122\035\131\313\147\141\116\366}{chapter.6}% 57
\BOOKMARK [2][-]{subsection.6.1.1}{\376\377\122\250\140\001\165\065\215\357\166\204\145\271\172\013}{section.6.1}% 58
\BOOKMARK [2][-]{subsection.6.1.2}{\376\377\122\250\140\001\165\065\215\357\166\204\122\006\147\220\145\271\154\325}{section.6.1}% 59
\BOOKMARK [2][-]{subsection.6.1.3}{\376\377\143\142\215\357\133\232\137\213}{section.6.1}% 60
\BOOKMARK [2][-]{subsection.6.1.4}{\376\377\165\065\215\357\122\035\131\313\120\074\166\204\170\156\133\232}{section.6.1}% 61
\BOOKMARK [0][-]{chapter.7}{\376\377\166\370\221\317\154\325}{}% 62
\BOOKMARK [1][-]{section.7.1}{\376\377\131\015\145\160}{chapter.7}% 63
