mktextfm TsangerJinKai03
mktextfm TsangerJinKai03
mktextfm TsangerJinKai03
mktextfm TsangerJinKai03/BI
mktextfm TsangerJinKai03
mktextfm TsangerJinKai03/B
mktextfm TsangerJinKai03
mktextfm TsangerJinKai03/I
mktextfm TsangerJinKai03
mktextfm TsangerJinKai03
mktextfm TsangerJinKai03
mktextfm TsangerJinKai03
mktextfm TsangerJinKai03
mktextfm TsangerJinKai03
mktextfm TsangerJinKai03
mktextfm TsangerJinKai03/OT
mktextfm TsangerJinKai03/OT
mktextfm TsangerJinKai03/OT
mktextfm TsangerJinKai03/BI/OT
mktextfm TsangerJinKai03/OT
mktextfm TsangerJinKai03/B/OT
mktextfm TsangerJinKai03/OT
mktextfm TsangerJinKai03/I/OT
mktextfm TsangerJinKai03/OT
mktextfm TsangerJinKai03/OT
mktextfm TsangerJinKai03
mktextfm TsangerJinKai03/OT
mktextfm TsangerJinKai03/OT
mktextfm TsangerJinKai03
mktextfm TsangerJinKai03/OT
mktextfm TsangerJinKai03/OT
mktextfm TsangerJinKai03/OT
mktextfm TsangerJinKai03
mktextfm TsangerJinKai03
mktextfm TsangerJinKai03
mktextfm TsangerJinKai03/OT
mktextfm TsangerJinKai03
mktextfm TsangerJinKai03/OT
mktextfm TsangerJinKai03
mktextfm TsangerJinKai03
mktextfm TsangerJinKai03
mktextfm TsangerJinKai03
mktextfm TsangerJinKai03
mktextfm TsangerJinKai03/BI
mktextfm TsangerJinKai03
mktextfm TsangerJinKai03/B
mktextfm TsangerJinKai03
mktextfm TsangerJinKai03/I
mktextfm TsangerJinKai03
mktextfm TsangerJinKai03
mktextfm TsangerJinKai03
mktextfm TsangerJinKai03
mktextfm TsangerJinKai03
mktextfm TsangerJinKai03
mktextfm TsangerJinKai03
mktextfm TsangerJinKai03/OT
mktextfm TsangerJinKai03/OT
mktextfm TsangerJinKai03/OT
mktextfm TsangerJinKai03/BI/OT
mktextfm TsangerJinKai03/OT
mktextfm TsangerJinKai03/B/OT
mktextfm TsangerJinKai03/OT
mktextfm TsangerJinKai03/I/OT
mktextfm TsangerJinKai03/OT
mktextfm TsangerJinKai03/OT
mktextfm TsangerJinKai03
mktextfm TsangerJinKai03/OT
mktextfm TsangerJinKai03/OT
mktextfm TsangerJinKai03
mktextfm TsangerJinKai03/OT
mktextfm TsangerJinKai03/OT
mktextfm TsangerJinKai03/OT
mktextfm TsangerJinKai03
mktextfm TsangerJinKai03
mktextfm TsangerJinKai03
mktextfm TsangerJinKai03/OT
mktextfm TsangerJinKai03
mktextfm TsangerJinKai03/OT
mktextfm TsangerJinKai03
mktextfm TsangerJinKai03
mktextfm TsangerJinKai03/OT
mktextfm TsangerJinKai03/OT
mktextfm TsangerJinKai03/OT
mktextfm TsangerJinKai03/BI/OT
mktextfm TsangerJinKai03/OT
mktextfm TsangerJinKai03/B/OT
mktextfm TsangerJinKai03/OT
mktextfm TsangerJinKai03/I/OT
mktextfm TsangerJinKai03/OT
mktextfm TsangerJinKai03/OT
mktextfm TsangerJinKai03/OT
mktextfm TsangerJinKai03/OT
mktextfm TsangerJinKai03/OT
